1707250578371	geckodriver	INFO	Listening on 127.0.0.1:39429
1707250578708	mozrunner::runner	INFO	Running command: MOZ_CRASHREPORTER="1" MOZ_CRASHREPORTER_NO_REPORT="1" MOZ_CRASHREPORTER_SHUTDOWN="1" MOZ_NO_REMOTE="1" "/sna ... te" "--remote-debugging-port" "38929" "--remote-allow-hosts" "localhost" "-no-remote" "-profile" "/tmp/rust_mozprofile4C155Q"
Gtk-Message: 20:16:18.732: Not loading module "atk-bridge": The functionality is provided by GTK natively. Please try to not load it.
console.warn: services.settings: Ignoring preference override of remote settings server
console.warn: services.settings: Allow by setting MOZ_REMOTE_SETTINGS_DEVTOOLS=1 in the environment
1707250579608	Marionette	INFO	Marionette enabled
1707250579712	Marionette	INFO	Listening on port 41125
WebDriver BiDi listening on ws://127.0.0.1:38929
Read port: 41125
1707250580092	RemoteAgent	WARN	TLS certificate errors will be ignored for this session
console.error: ({})
DevTools listening on ws://127.0.0.1:38929/devtools/browser/816564d3-0b54-4cf2-be54-a65641763dc9
console.error: ({})
JavaScript warning: https://pagead2.googlesyndication.com/bg/IHSjRKKj3q_1Pt3c2sGWHmUCy_Bw5n5yhKh9CWyZSw4.js line 2 > eval line 4627 > eval line 1 > eval line 1 > eval, line 1: WEBGL_debug_renderer_info is deprecated in Firefox and will be removed. Please use RENDERER.
console.error: "update.locale" " file doesn't exist in either the application or GRE directories"
1707250609627	addons.xpi	ERROR	System addon update list error SyntaxError: XMLHttpRequest.open: 'http://%(server)s/dummy-system-addons.xml' is not a valid URL.
JavaScript warning: http://www.foddy.net/QWOP.min.js, line 16: Script terminated by timeout at:
mod_state_from_event@http://www.foddy.net/QWOP.min.js:16:15794
on_keydown@http://www.foddy.net/QWOP.min.js:16:15298
s@http://www.foddy.net/QWOP.min.js:1:500

1707251415535	Marionette	INFO	Stopped listening on port 41125
JavaScript error: , line 0: TypeError: NetworkError when attempting to fetch resource.
JavaScript error: , line 0: TypeError: NetworkError when attempting to fetch resource.
JavaScript error: , line 0: TypeError: NetworkError when attempting to fetch resource.
1707251415927	geckodriver::marionette	ERROR	Failed to close browser connection: unknown error
[ERROR glean_core] Can't persist ping lifetime data: Error { kind: Rkv(IoError(Os { code: 2, kind: NotFound, message: "No such file or directory" })) }
1707253025918	geckodriver	INFO	Listening on 127.0.0.1:54829
1707253026395	mozrunner::runner	INFO	Running command: MOZ_CRASHREPORTER="1" MOZ_CRASHREPORTER_NO_REPORT="1" MOZ_CRASHREPORTER_SHUTDOWN="1" MOZ_NO_REMOTE="1" "/sna ... te" "--remote-debugging-port" "48215" "--remote-allow-hosts" "localhost" "-no-remote" "-profile" "/tmp/rust_mozprofile7eFdNX"
Gtk-Message: 20:57:06.421: Not loading module "atk-bridge": The functionality is provided by GTK natively. Please try to not load it.
console.warn: services.settings: Ignoring preference override of remote settings server
console.warn: services.settings: Allow by setting MOZ_REMOTE_SETTINGS_DEVTOOLS=1 in the environment
1707253027333	Marionette	INFO	Marionette enabled
1707253027443	Marionette	INFO	Listening on port 35795
WebDriver BiDi listening on ws://127.0.0.1:48215
Read port: 35795
1707253027833	RemoteAgent	WARN	TLS certificate errors will be ignored for this session
console.error: ({})
DevTools listening on ws://127.0.0.1:48215/devtools/browser/f49820ae-666b-49b4-8d66-64ce8f87a6fb
console.error: ({})
1707253038736	Marionette	WARN	Ignoring event 'DOMContentLoaded' because document has an invalid readyState of 'complete'.
JavaScript warning: https://pagead2.googlesyndication.com/bg/IHSjRKKj3q_1Pt3c2sGWHmUCy_Bw5n5yhKh9CWyZSw4.js line 2 > eval line 438 > eval line 1 > eval line 1 > eval, line 1: WEBGL_debug_renderer_info is deprecated in Firefox and will be removed. Please use RENDERER.
console.error: "update.locale" " file doesn't exist in either the application or GRE directories"
1707253058880	addons.xpi	ERROR	System addon update list error SyntaxError: XMLHttpRequest.open: 'http://%(server)s/dummy-system-addons.xml' is not a valid URL.
